2019-09-20 19:34:20.406  INFO 5328 --- [restartedMain] by.itstep.vasilevskij.Application        : Starting Application on A2-PC-5 with PID 5328 (D:\PhpStormProjects\SpringBootExampl\target\classes started by Student in D:\PhpStormProjects\SpringBootExampl)
2019-09-20 19:34:20.410  INFO 5328 --- [restartedMain] by.itstep.vasilevskij.Application        : No active profile set, falling back to default profiles: default
2019-09-20 19:34:20.535  INFO 5328 --- [restartedMain] .e.DevToolsPropertyDefaultsPostProcessor : Devtools property defaults active! Set 'spring.devtools.add-properties' to 'false' to disable
2019-09-20 19:34:20.536  INFO 5328 --- [restartedMain] .e.DevToolsPropertyDefaultsPostProcessor : For additional web related logging consider setting the 'logging.level.web' property to 'DEBUG'
2019-09-20 19:34:22.498  INFO 5328 --- [restartedMain] .s.d.r.c.RepositoryConfigurationDelegate : Bootstrapping Spring Data repositories in DEFAULT mode.
2019-09-20 19:34:22.592  INFO 5328 --- [restartedMain] .s.d.r.c.RepositoryConfigurationDelegate : Finished Spring Data repository scanning in 86ms. Found 2 repository interfaces.
2019-09-20 19:34:23.168  INFO 5328 --- [restartedMain] trationDelegate$BeanPostProcessorChecker : Bean 'org.springframework.transaction.annotation.ProxyTransactionManagementConfiguration' of type [org.springframework.transaction.annotation.ProxyTransactionManagementConfiguration$$EnhancerBySpringCGLIB$$e5ab2f51] is not eligible for getting processed by all BeanPostProcessors (for example: not eligible for auto-proxying)
2019-09-20 19:34:23.204  INFO 5328 --- [restartedMain] trationDelegate$BeanPostProcessorChecker : Bean 'org.springframework.security.config.annotation.configuration.ObjectPostProcessorConfiguration' of type [org.springframework.security.config.annotation.configuration.ObjectPostProcessorConfiguration$$EnhancerBySpringCGLIB$$7e58f78b] is not eligible for getting processed by all BeanPostProcessors (for example: not eligible for auto-proxying)
2019-09-20 19:34:23.210  INFO 5328 --- [restartedMain] trationDelegate$BeanPostProcessorChecker : Bean 'objectPostProcessor' of type [org.springframework.security.config.annotation.configuration.AutowireBeanFactoryObjectPostProcessor] is not eligible for getting processed by all BeanPostProcessors (for example: not eligible for auto-proxying)
2019-09-20 19:34:23.212  INFO 5328 --- [restartedMain] trationDelegate$BeanPostProcessorChecker : Bean 'org.springframework.security.access.expression.method.DefaultMethodSecurityExpressionHandler@71fe685b' of type [org.springframework.security.access.expression.method.DefaultMethodSecurityExpressionHandler] is not eligible for getting processed by all BeanPostProcessors (for example: not eligible for auto-proxying)
2019-09-20 19:34:23.215  INFO 5328 --- [restartedMain] trationDelegate$BeanPostProcessorChecker : Bean 'org.springframework.security.config.annotation.method.configuration.GlobalMethodSecurityConfiguration' of type [org.springframework.security.config.annotation.method.configuration.GlobalMethodSecurityConfiguration$$EnhancerBySpringCGLIB$$a32d9a3d] is not eligible for getting processed by all BeanPostProcessors (for example: not eligible for auto-proxying)
2019-09-20 19:34:23.219  INFO 5328 --- [restartedMain] trationDelegate$BeanPostProcessorChecker : Bean 'methodSecurityMetadataSource' of type [org.springframework.security.access.method.DelegatingMethodSecurityMetadataSource] is not eligible for getting processed by all BeanPostProcessors (for example: not eligible for auto-proxying)
2019-09-20 19:34:23.575  INFO 5328 --- [restartedMain] o.s.b.w.embedded.tomcat.TomcatWebServer  : Tomcat initialized with port(s): 8080 (http)
2019-09-20 19:34:23.604  INFO 5328 --- [restartedMain] o.apache.catalina.core.StandardService   : Starting service [Tomcat]
2019-09-20 19:34:23.605  INFO 5328 --- [restartedMain] org.apache.catalina.core.StandardEngine  : Starting Servlet engine: [Apache Tomcat/9.0.22]
2019-09-20 19:34:23.746  INFO 5328 --- [restartedMain] o.a.c.c.C.[Tomcat].[localhost].[/]       : Initializing Spring embedded WebApplicationContext
2019-09-20 19:34:23.747  INFO 5328 --- [restartedMain] o.s.web.context.ContextLoader            : Root WebApplicationContext: initialization completed in 3211 ms
2019-09-20 19:34:24.036  INFO 5328 --- [restartedMain] o.f.c.internal.license.VersionPrinter    : Flyway Community Edition 5.2.4 by Boxfuse
2019-09-20 19:34:24.301  INFO 5328 --- [restartedMain] o.f.c.internal.database.DatabaseFactory  : Database: jdbc:postgresql://localhost:5432/test2 (PostgreSQL 11.4)
2019-09-20 19:34:24.314  WARN 5328 --- [restartedMain] o.f.c.internal.database.base.Database    : Flyway upgrade recommended: PostgreSQL 11.4 is newer than this version of Flyway and support has not been tested.
2019-09-20 19:34:24.428  INFO 5328 --- [restartedMain] o.f.core.internal.command.DbValidate     : Successfully validated 4 migrations (execution time 00:00.084s)
2019-09-20 19:34:24.440  INFO 5328 --- [restartedMain] o.f.core.internal.command.DbMigrate      : Current version of schema "public": 4
2019-09-20 19:34:24.441  INFO 5328 --- [restartedMain] o.f.core.internal.command.DbMigrate      : Schema "public" is up to date. No migration necessary.
2019-09-20 19:34:24.478  INFO 5328 --- [restartedMain] com.zaxxer.hikari.HikariDataSource       : HikariPool-1 - Starting...
2019-09-20 19:34:24.524  INFO 5328 --- [restartedMain] com.zaxxer.hikari.HikariDataSource       : HikariPool-1 - Start completed.
2019-09-20 19:34:24.583  INFO 5328 --- [restartedMain] o.hibernate.jpa.internal.util.LogHelper  : HHH000204: Processing PersistenceUnitInfo [
	name: default
	...]
2019-09-20 19:34:24.650  INFO 5328 --- [restartedMain] org.hibernate.Version                    : HHH000412: Hibernate Core {5.3.10.Final}
2019-09-20 19:34:24.659  INFO 5328 --- [restartedMain] org.hibernate.cfg.Environment            : HHH000206: hibernate.properties not found
2019-09-20 19:34:24.824  INFO 5328 --- [restartedMain] o.hibernate.annotations.common.Version   : HCANN000001: Hibernate Commons Annotations {5.0.4.Final}
2019-09-20 19:34:24.999  INFO 5328 --- [restartedMain] org.hibernate.dialect.Dialect            : HHH000400: Using dialect: org.hibernate.dialect.PostgreSQL95Dialect
2019-09-20 19:34:25.093  INFO 5328 --- [restartedMain] o.h.e.j.e.i.LobCreatorBuilderImpl        : HHH000421: Disabling contextual LOB creation as hibernate.jdbc.lob.non_contextual_creation is true
2019-09-20 19:34:25.101  INFO 5328 --- [restartedMain] org.hibernate.type.BasicTypeRegistry     : HHH000270: Type registration [java.util.UUID] overrides previous : org.hibernate.type.UUIDBinaryType@59bcd917
2019-09-20 19:34:25.920  INFO 5328 --- [restartedMain] j.LocalContainerEntityManagerFactoryBean : Initialized JPA EntityManagerFactory for persistence unit 'default'
2019-09-20 19:34:26.068  INFO 5328 --- [restartedMain] o.s.b.d.a.OptionalLiveReloadServer       : LiveReload server is running on port 35729
2019-09-20 19:34:26.751  INFO 5328 --- [restartedMain] o.s.s.web.DefaultSecurityFilterChain     : Creating filter chain: any request, [org.springframework.security.web.context.request.async.WebAsyncManagerIntegrationFilter@4fa6efc0, org.springframework.security.web.context.SecurityContextPersistenceFilter@40bef2a8, org.springframework.security.web.header.HeaderWriterFilter@5ff595f3, org.springframework.security.web.csrf.CsrfFilter@4b4412f0, org.springframework.security.web.authentication.logout.LogoutFilter@6837b4c7, org.springframework.security.web.authentication.UsernamePasswordAuthenticationFilter@31a78307, org.springframework.security.web.savedrequest.RequestCacheAwareFilter@30fc2b1b, org.springframework.security.web.servletapi.SecurityContextHolderAwareRequestFilter@527023e2, org.springframework.security.web.authentication.rememberme.RememberMeAuthenticationFilter@5cdb421e, org.springframework.security.web.authentication.AnonymousAuthenticationFilter@7f8c849f, org.springframework.security.web.session.SessionManagementFilter@11b54cf2, org.springframework.security.web.access.ExceptionTranslationFilter@33cba0d6, org.springframework.security.web.access.intercept.FilterSecurityInterceptor@75f20ab5]
2019-09-20 19:34:26.993  INFO 5328 --- [restartedMain] o.s.s.concurrent.ThreadPoolTaskExecutor  : Initializing ExecutorService 'applicationTaskExecutor'
2019-09-20 19:34:27.043  WARN 5328 --- [restartedMain] aWebConfiguration$JpaWebMvcConfiguration : spring.jpa.open-in-view is enabled by default. Therefore, database queries may be performed during view rendering. Explicitly configure spring.jpa.open-in-view to disable this warning
2019-09-20 19:34:27.423  INFO 5328 --- [restartedMain] s.a.ScheduledAnnotationBeanPostProcessor : No TaskScheduler/ScheduledExecutorService bean found for scheduled processing
2019-09-20 19:34:27.453  INFO 5328 --- [restartedMain] o.s.b.w.embedded.tomcat.TomcatWebServer  : Tomcat started on port(s): 8080 (http) with context path ''
2019-09-20 19:34:27.456  INFO 5328 --- [restartedMain] by.itstep.vasilevskij.Application        : Started Application in 8.744 seconds (JVM running for 9.721)
2019-09-20 19:34:35.949  INFO 5328 --- [http-nio-8080-exec-1] o.a.c.c.C.[Tomcat].[localhost].[/]       : Initializing Spring DispatcherServlet 'dispatcherServlet'
2019-09-20 19:34:35.949  INFO 5328 --- [http-nio-8080-exec-1] o.s.web.servlet.DispatcherServlet        : Initializing Servlet 'dispatcherServlet'
2019-09-20 19:34:35.959  INFO 5328 --- [http-nio-8080-exec-1] o.s.web.servlet.DispatcherServlet        : Completed initialization in 9 ms
2019-09-20 19:34:36.126  INFO 5328 --- [http-nio-8080-exec-1] o.h.h.i.QueryTranslatorFactoryInitiator  : HHH000397: Using ASTQueryTranslatorFactory
2019-09-20 19:34:36.228 DEBUG 5328 --- [http-nio-8080-exec-1] b.i.v.controller.CarController           : Car: Car{mark='etyeu', model='reuirei', vin='ds9g8r4f95d8t789w', color='#000000', id='2'}
2019-09-20 19:34:36.228 DEBUG 5328 --- [http-nio-8080-exec-1] b.i.v.controller.CarController           : Car: Car{mark='gfhkgfk', model='gfhkgfk', vin='dsasrr46s5d8t789w', color='#00ff00', id='3'}
2019-09-20 19:34:36.228 DEBUG 5328 --- [http-nio-8080-exec-1] b.i.v.controller.CarController           : Car: Car{mark='gfkhkf', model='fgflf', vin='ds9g8r46s5d8t789w', color='#000000', id='1'}
2019-09-20 19:37:01.181  INFO 4296 --- [restartedMain] by.itstep.vasilevskij.Application        : Starting Application on A2-PC-5 with PID 4296 (D:\PhpStormProjects\SpringBootExampl\target\classes started by Student in D:\PhpStormProjects\SpringBootExampl)
2019-09-20 19:37:01.186  INFO 4296 --- [restartedMain] by.itstep.vasilevskij.Application        : No active profile set, falling back to default profiles: default
2019-09-20 19:37:01.266  INFO 4296 --- [restartedMain] .e.DevToolsPropertyDefaultsPostProcessor : Devtools property defaults active! Set 'spring.devtools.add-properties' to 'false' to disable
2019-09-20 19:37:01.267  INFO 4296 --- [restartedMain] .e.DevToolsPropertyDefaultsPostProcessor : For additional web related logging consider setting the 'logging.level.web' property to 'DEBUG'
2019-09-20 19:37:03.247  INFO 4296 --- [restartedMain] .s.d.r.c.RepositoryConfigurationDelegate : Bootstrapping Spring Data repositories in DEFAULT mode.
2019-09-20 19:37:03.488  INFO 4296 --- [restartedMain] .s.d.r.c.RepositoryConfigurationDelegate : Finished Spring Data repository scanning in 229ms. Found 2 repository interfaces.
2019-09-20 19:37:04.310  INFO 4296 --- [restartedMain] trationDelegate$BeanPostProcessorChecker : Bean 'org.springframework.transaction.annotation.ProxyTransactionManagementConfiguration' of type [org.springframework.transaction.annotation.ProxyTransactionManagementConfiguration$$EnhancerBySpringCGLIB$$496d96f] is not eligible for getting processed by all BeanPostProcessors (for example: not eligible for auto-proxying)
2019-09-20 19:37:04.350  INFO 4296 --- [restartedMain] trationDelegate$BeanPostProcessorChecker : Bean 'org.springframework.security.config.annotation.configuration.ObjectPostProcessorConfiguration' of type [org.springframework.security.config.annotation.configuration.ObjectPostProcessorConfiguration$$EnhancerBySpringCGLIB$$9d44a1a9] is not eligible for getting processed by all BeanPostProcessors (for example: not eligible for auto-proxying)
2019-09-20 19:37:04.357  INFO 4296 --- [restartedMain] trationDelegate$BeanPostProcessorChecker : Bean 'objectPostProcessor' of type [org.springframework.security.config.annotation.configuration.AutowireBeanFactoryObjectPostProcessor] is not eligible for getting processed by all BeanPostProcessors (for example: not eligible for auto-proxying)
2019-09-20 19:37:04.360  INFO 4296 --- [restartedMain] trationDelegate$BeanPostProcessorChecker : Bean 'org.springframework.security.access.expression.method.DefaultMethodSecurityExpressionHandler@3b614c85' of type [org.springframework.security.access.expression.method.DefaultMethodSecurityExpressionHandler] is not eligible for getting processed by all BeanPostProcessors (for example: not eligible for auto-proxying)
2019-09-20 19:37:04.365  INFO 4296 --- [restartedMain] trationDelegate$BeanPostProcessorChecker : Bean 'org.springframework.security.config.annotation.method.configuration.GlobalMethodSecurityConfiguration' of type [org.springframework.security.config.annotation.method.configuration.GlobalMethodSecurityConfiguration$$EnhancerBySpringCGLIB$$c219445b] is not eligible for getting processed by all BeanPostProcessors (for example: not eligible for auto-proxying)
2019-09-20 19:37:04.368  INFO 4296 --- [restartedMain] trationDelegate$BeanPostProcessorChecker : Bean 'methodSecurityMetadataSource' of type [org.springframework.security.access.method.DelegatingMethodSecurityMetadataSource] is not eligible for getting processed by all BeanPostProcessors (for example: not eligible for auto-proxying)
2019-09-20 19:37:04.918  INFO 4296 --- [restartedMain] o.s.b.w.embedded.tomcat.TomcatWebServer  : Tomcat initialized with port(s): 8080 (http)
2019-09-20 19:37:04.942  INFO 4296 --- [restartedMain] o.apache.catalina.core.StandardService   : Starting service [Tomcat]
2019-09-20 19:37:04.942  INFO 4296 --- [restartedMain] org.apache.catalina.core.StandardEngine  : Starting Servlet engine: [Apache Tomcat/9.0.22]
2019-09-20 19:37:05.096  INFO 4296 --- [restartedMain] o.a.c.c.C.[Tomcat].[localhost].[/]       : Initializing Spring embedded WebApplicationContext
2019-09-20 19:37:05.097  INFO 4296 --- [restartedMain] o.s.web.context.ContextLoader            : Root WebApplicationContext: initialization completed in 3830 ms
2019-09-20 19:37:05.315  INFO 4296 --- [restartedMain] o.f.c.internal.license.VersionPrinter    : Flyway Community Edition 5.2.4 by Boxfuse
2019-09-20 19:37:05.484  INFO 4296 --- [restartedMain] o.f.c.internal.database.DatabaseFactory  : Database: jdbc:postgresql://localhost:5432/test2 (PostgreSQL 11.4)
2019-09-20 19:37:05.497  WARN 4296 --- [restartedMain] o.f.c.internal.database.base.Database    : Flyway upgrade recommended: PostgreSQL 11.4 is newer than this version of Flyway and support has not been tested.
2019-09-20 19:37:05.605  INFO 4296 --- [restartedMain] o.f.core.internal.command.DbValidate     : Successfully validated 4 migrations (execution time 00:00.086s)
2019-09-20 19:37:05.612  INFO 4296 --- [restartedMain] o.f.core.internal.command.DbMigrate      : Current version of schema "public": 4
2019-09-20 19:37:05.613  INFO 4296 --- [restartedMain] o.f.core.internal.command.DbMigrate      : Schema "public" is up to date. No migration necessary.
2019-09-20 19:37:05.646  INFO 4296 --- [restartedMain] com.zaxxer.hikari.HikariDataSource       : HikariPool-1 - Starting...
2019-09-20 19:37:05.687  INFO 4296 --- [restartedMain] com.zaxxer.hikari.HikariDataSource       : HikariPool-1 - Start completed.
2019-09-20 19:37:05.744  INFO 4296 --- [restartedMain] o.hibernate.jpa.internal.util.LogHelper  : HHH000204: Processing PersistenceUnitInfo [
	name: default
	...]
2019-09-20 19:37:05.804  INFO 4296 --- [restartedMain] org.hibernate.Version                    : HHH000412: Hibernate Core {5.3.10.Final}
2019-09-20 19:37:05.806  INFO 4296 --- [restartedMain] org.hibernate.cfg.Environment            : HHH000206: hibernate.properties not found
2019-09-20 19:37:06.031  INFO 4296 --- [restartedMain] o.hibernate.annotations.common.Version   : HCANN000001: Hibernate Commons Annotations {5.0.4.Final}
2019-09-20 19:37:06.164  INFO 4296 --- [restartedMain] org.hibernate.dialect.Dialect            : HHH000400: Using dialect: org.hibernate.dialect.PostgreSQL95Dialect
2019-09-20 19:37:06.261  INFO 4296 --- [restartedMain] o.h.e.j.e.i.LobCreatorBuilderImpl        : HHH000421: Disabling contextual LOB creation as hibernate.jdbc.lob.non_contextual_creation is true
2019-09-20 19:37:06.268  INFO 4296 --- [restartedMain] org.hibernate.type.BasicTypeRegistry     : HHH000270: Type registration [java.util.UUID] overrides previous : org.hibernate.type.UUIDBinaryType@299be06c
2019-09-20 19:37:07.065  INFO 4296 --- [restartedMain] j.LocalContainerEntityManagerFactoryBean : Initialized JPA EntityManagerFactory for persistence unit 'default'
2019-09-20 19:37:07.212  INFO 4296 --- [restartedMain] o.s.b.d.a.OptionalLiveReloadServer       : LiveReload server is running on port 35729
2019-09-20 19:37:07.933  INFO 4296 --- [restartedMain] o.s.s.web.DefaultSecurityFilterChain     : Creating filter chain: any request, [org.springframework.security.web.context.request.async.WebAsyncManagerIntegrationFilter@a217d09, org.springframework.security.web.context.SecurityContextPersistenceFilter@479cebc0, org.springframework.security.web.header.HeaderWriterFilter@18f1ea1b, org.springframework.security.web.csrf.CsrfFilter@27d4166e, org.springframework.security.web.authentication.logout.LogoutFilter@2d3cefeb, org.springframework.security.web.authentication.UsernamePasswordAuthenticationFilter@7f034040, org.springframework.security.web.savedrequest.RequestCacheAwareFilter@2641a5ad, org.springframework.security.web.servletapi.SecurityContextHolderAwareRequestFilter@e6350d, org.springframework.security.web.authentication.rememberme.RememberMeAuthenticationFilter@79f9439a, org.springframework.security.web.authentication.AnonymousAuthenticationFilter@16fd0207, org.springframework.security.web.session.SessionManagementFilter@31878a28, org.springframework.security.web.access.ExceptionTranslationFilter@12fa0f9d, org.springframework.security.web.access.intercept.FilterSecurityInterceptor@6c3c2ec2]
2019-09-20 19:37:08.130  INFO 4296 --- [restartedMain] o.s.s.concurrent.ThreadPoolTaskExecutor  : Initializing ExecutorService 'applicationTaskExecutor'
2019-09-20 19:37:08.176  WARN 4296 --- [restartedMain] aWebConfiguration$JpaWebMvcConfiguration : spring.jpa.open-in-view is enabled by default. Therefore, database queries may be performed during view rendering. Explicitly configure spring.jpa.open-in-view to disable this warning
2019-09-20 19:37:08.550  INFO 4296 --- [restartedMain] s.a.ScheduledAnnotationBeanPostProcessor : No TaskScheduler/ScheduledExecutorService bean found for scheduled processing
2019-09-20 19:37:08.580  INFO 4296 --- [restartedMain] o.s.b.w.embedded.tomcat.TomcatWebServer  : Tomcat started on port(s): 8080 (http) with context path ''
2019-09-20 19:37:08.583  INFO 4296 --- [restartedMain] by.itstep.vasilevskij.Application        : Started Application in 7.967 seconds (JVM running for 8.942)
2019-09-20 19:37:20.434  INFO 4296 --- [http-nio-8080-exec-2] o.a.c.c.C.[Tomcat].[localhost].[/]       : Initializing Spring DispatcherServlet 'dispatcherServlet'
2019-09-20 19:37:20.434  INFO 4296 --- [http-nio-8080-exec-2] o.s.web.servlet.DispatcherServlet        : Initializing Servlet 'dispatcherServlet'
2019-09-20 19:37:20.446  INFO 4296 --- [http-nio-8080-exec-2] o.s.web.servlet.DispatcherServlet        : Completed initialization in 12 ms
2019-09-20 19:37:20.636  INFO 4296 --- [http-nio-8080-exec-2] o.h.h.i.QueryTranslatorFactoryInitiator  : HHH000397: Using ASTQueryTranslatorFactory
2019-09-20 19:37:20.887 DEBUG 4296 --- [http-nio-8080-exec-1] b.i.v.controller.CarController           : Car: Car{mark='dgfsjj', model='dfgjdfgjdfjt', vin='ds9g8r46s5d8ae89w', color='#000000', id='4'}
2019-09-20 19:37:20.887 DEBUG 4296 --- [http-nio-8080-exec-1] b.i.v.controller.CarController           : Car: Car{mark='etyeu', model='reuirei', vin='ds9g8r4f95d8t789w', color='#000000', id='2'}
2019-09-20 19:37:20.888 DEBUG 4296 --- [http-nio-8080-exec-1] b.i.v.controller.CarController           : Car: Car{mark='gfhkgfk', model='gfhkgfk', vin='dsasrr46s5d8t789w', color='#00ff00', id='3'}
2019-09-20 19:37:20.888 DEBUG 4296 --- [http-nio-8080-exec-1] b.i.v.controller.CarController           : Car: Car{mark='gfkhkf', model='fgflf', vin='ds9g8r46s5d8t789w', color='#000000', id='1'}
2019-09-20 19:37:34.833 DEBUG 4296 --- [http-nio-8080-exec-5] b.i.v.controller.CarController           : Car: Car{mark='dgfsjj', model='dfgjdfgjdfjt', vin='ds9g8r46s5d8ae89w', color='#000000', id='4'}
2019-09-20 19:37:34.834 DEBUG 4296 --- [http-nio-8080-exec-5] b.i.v.controller.CarController           : Car: Car{mark='etyeu', model='reuirei', vin='ds9g8r4f95d8t789w', color='#000000', id='2'}
2019-09-20 19:37:34.834 DEBUG 4296 --- [http-nio-8080-exec-5] b.i.v.controller.CarController           : Car: Car{mark='gfhkgfk', model='gfhkgfk', vin='dsasrr46s5d8t789w', color='#00ff00', id='3'}
2019-09-20 19:37:34.834 DEBUG 4296 --- [http-nio-8080-exec-5] b.i.v.controller.CarController           : Car: Car{mark='gfkhkf', model='fgflf', vin='ds9g8r46s5d8t789w', color='#000000', id='1'}
2019-09-20 19:38:18.116  INFO 6876 --- [restartedMain] by.itstep.vasilevskij.Application        : Starting Application on A2-PC-5 with PID 6876 (D:\PhpStormProjects\SpringBootExampl\target\classes started by Student in D:\PhpStormProjects\SpringBootExampl)
2019-09-20 19:38:18.150  INFO 6876 --- [restartedMain] by.itstep.vasilevskij.Application        : No active profile set, falling back to default profiles: default
2019-09-20 19:38:18.256  INFO 6876 --- [restartedMain] .e.DevToolsPropertyDefaultsPostProcessor : Devtools property defaults active! Set 'spring.devtools.add-properties' to 'false' to disable
2019-09-20 19:38:18.257  INFO 6876 --- [restartedMain] .e.DevToolsPropertyDefaultsPostProcessor : For additional web related logging consider setting the 'logging.level.web' property to 'DEBUG'
2019-09-20 19:38:19.636  INFO 6876 --- [restartedMain] .s.d.r.c.RepositoryConfigurationDelegate : Bootstrapping Spring Data repositories in DEFAULT mode.
2019-09-20 19:38:19.751  INFO 6876 --- [restartedMain] .s.d.r.c.RepositoryConfigurationDelegate : Finished Spring Data repository scanning in 104ms. Found 2 repository interfaces.
2019-09-20 19:38:20.548  INFO 6876 --- [restartedMain] trationDelegate$BeanPostProcessorChecker : Bean 'org.springframework.transaction.annotation.ProxyTransactionManagementConfiguration' of type [org.springframework.transaction.annotation.ProxyTransactionManagementConfiguration$$EnhancerBySpringCGLIB$$ec7485c6] is not eligible for getting processed by all BeanPostProcessors (for example: not eligible for auto-proxying)
2019-09-20 19:38:20.585  INFO 6876 --- [restartedMain] trationDelegate$BeanPostProcessorChecker : Bean 'org.springframework.security.config.annotation.configuration.ObjectPostProcessorConfiguration' of type [org.springframework.security.config.annotation.configuration.ObjectPostProcessorConfiguration$$EnhancerBySpringCGLIB$$85224e00] is not eligible for getting processed by all BeanPostProcessors (for example: not eligible for auto-proxying)
2019-09-20 19:38:20.591  INFO 6876 --- [restartedMain] trationDelegate$BeanPostProcessorChecker : Bean 'objectPostProcessor' of type [org.springframework.security.config.annotation.configuration.AutowireBeanFactoryObjectPostProcessor] is not eligible for getting processed by all BeanPostProcessors (for example: not eligible for auto-proxying)
2019-09-20 19:38:20.593  INFO 6876 --- [restartedMain] trationDelegate$BeanPostProcessorChecker : Bean 'org.springframework.security.access.expression.method.DefaultMethodSecurityExpressionHandler@60745e71' of type [org.springframework.security.access.expression.method.DefaultMethodSecurityExpressionHandler] is not eligible for getting processed by all BeanPostProcessors (for example: not eligible for auto-proxying)
2019-09-20 19:38:20.595  INFO 6876 --- [restartedMain] trationDelegate$BeanPostProcessorChecker : Bean 'org.springframework.security.config.annotation.method.configuration.GlobalMethodSecurityConfiguration' of type [org.springframework.security.config.annotation.method.configuration.GlobalMethodSecurityConfiguration$$EnhancerBySpringCGLIB$$a9f6f0b2] is not eligible for getting processed by all BeanPostProcessors (for example: not eligible for auto-proxying)
2019-09-20 19:38:20.598  INFO 6876 --- [restartedMain] trationDelegate$BeanPostProcessorChecker : Bean 'methodSecurityMetadataSource' of type [org.springframework.security.access.method.DelegatingMethodSecurityMetadataSource] is not eligible for getting processed by all BeanPostProcessors (for example: not eligible for auto-proxying)
2019-09-20 19:38:20.978  INFO 6876 --- [restartedMain] o.s.b.w.embedded.tomcat.TomcatWebServer  : Tomcat initialized with port(s): 8080 (http)
2019-09-20 19:38:21.002  INFO 6876 --- [restartedMain] o.apache.catalina.core.StandardService   : Starting service [Tomcat]
2019-09-20 19:38:21.003  INFO 6876 --- [restartedMain] org.apache.catalina.core.StandardEngine  : Starting Servlet engine: [Apache Tomcat/9.0.22]
2019-09-20 19:38:21.157  INFO 6876 --- [restartedMain] o.a.c.c.C.[Tomcat].[localhost].[/]       : Initializing Spring embedded WebApplicationContext
2019-09-20 19:38:21.157  INFO 6876 --- [restartedMain] o.s.web.context.ContextLoader            : Root WebApplicationContext: initialization completed in 2900 ms
2019-09-20 19:38:21.369  INFO 6876 --- [restartedMain] o.f.c.internal.license.VersionPrinter    : Flyway Community Edition 5.2.4 by Boxfuse
2019-09-20 19:38:21.531  INFO 6876 --- [restartedMain] o.f.c.internal.database.DatabaseFactory  : Database: jdbc:postgresql://localhost:5432/test2 (PostgreSQL 11.4)
2019-09-20 19:38:21.543  WARN 6876 --- [restartedMain] o.f.c.internal.database.base.Database    : Flyway upgrade recommended: PostgreSQL 11.4 is newer than this version of Flyway and support has not been tested.
2019-09-20 19:38:21.643  INFO 6876 --- [restartedMain] o.f.core.internal.command.DbValidate     : Successfully validated 4 migrations (execution time 00:00.079s)
2019-09-20 19:38:21.650  INFO 6876 --- [restartedMain] o.f.core.internal.command.DbMigrate      : Current version of schema "public": 4
2019-09-20 19:38:21.651  INFO 6876 --- [restartedMain] o.f.core.internal.command.DbMigrate      : Schema "public" is up to date. No migration necessary.
2019-09-20 19:38:21.681  INFO 6876 --- [restartedMain] com.zaxxer.hikari.HikariDataSource       : HikariPool-1 - Starting...
2019-09-20 19:38:21.715  INFO 6876 --- [restartedMain] com.zaxxer.hikari.HikariDataSource       : HikariPool-1 - Start completed.
2019-09-20 19:38:21.764  INFO 6876 --- [restartedMain] o.hibernate.jpa.internal.util.LogHelper  : HHH000204: Processing PersistenceUnitInfo [
	name: default
	...]
2019-09-20 19:38:21.829  INFO 6876 --- [restartedMain] org.hibernate.Version                    : HHH000412: Hibernate Core {5.3.10.Final}
2019-09-20 19:38:21.833  INFO 6876 --- [restartedMain] org.hibernate.cfg.Environment            : HHH000206: hibernate.properties not found
2019-09-20 19:38:22.070  INFO 6876 --- [restartedMain] o.hibernate.annotations.common.Version   : HCANN000001: Hibernate Commons Annotations {5.0.4.Final}
2019-09-20 19:38:22.214  INFO 6876 --- [restartedMain] org.hibernate.dialect.Dialect            : HHH000400: Using dialect: org.hibernate.dialect.PostgreSQL95Dialect
2019-09-20 19:38:22.294  INFO 6876 --- [restartedMain] o.h.e.j.e.i.LobCreatorBuilderImpl        : HHH000421: Disabling contextual LOB creation as hibernate.jdbc.lob.non_contextual_creation is true
2019-09-20 19:38:22.299  INFO 6876 --- [restartedMain] org.hibernate.type.BasicTypeRegistry     : HHH000270: Type registration [java.util.UUID] overrides previous : org.hibernate.type.UUIDBinaryType@3c0f07be
2019-09-20 19:38:23.108  INFO 6876 --- [restartedMain] j.LocalContainerEntityManagerFactoryBean : Initialized JPA EntityManagerFactory for persistence unit 'default'
2019-09-20 19:38:23.253  INFO 6876 --- [restartedMain] o.s.b.d.a.OptionalLiveReloadServer       : LiveReload server is running on port 35729
2019-09-20 19:38:23.953  INFO 6876 --- [restartedMain] o.s.s.web.DefaultSecurityFilterChain     : Creating filter chain: any request, [org.springframework.security.web.context.request.async.WebAsyncManagerIntegrationFilter@6cd8206d, org.springframework.security.web.context.SecurityContextPersistenceFilter@708297da, org.springframework.security.web.header.HeaderWriterFilter@64ccc739, org.springframework.security.web.csrf.CsrfFilter@6fc01ae6, org.springframework.security.web.authentication.logout.LogoutFilter@3a0815a8, org.springframework.security.web.authentication.UsernamePasswordAuthenticationFilter@26ebb5c6, org.springframework.security.web.savedrequest.RequestCacheAwareFilter@70e8d5a0, org.springframework.security.web.servletapi.SecurityContextHolderAwareRequestFilter@457ab505, org.springframework.security.web.authentication.rememberme.RememberMeAuthenticationFilter@6c3504c8, org.springframework.security.web.authentication.AnonymousAuthenticationFilter@485d29b9, org.springframework.security.web.session.SessionManagementFilter@196755cf, org.springframework.security.web.access.ExceptionTranslationFilter@1169274c, org.springframework.security.web.access.intercept.FilterSecurityInterceptor@67d4454d]
2019-09-20 19:38:24.140  INFO 6876 --- [restartedMain] o.s.s.concurrent.ThreadPoolTaskExecutor  : Initializing ExecutorService 'applicationTaskExecutor'
2019-09-20 19:38:24.183  WARN 6876 --- [restartedMain] aWebConfiguration$JpaWebMvcConfiguration : spring.jpa.open-in-view is enabled by default. Therefore, database queries may be performed during view rendering. Explicitly configure spring.jpa.open-in-view to disable this warning
2019-09-20 19:38:24.567  INFO 6876 --- [restartedMain] s.a.ScheduledAnnotationBeanPostProcessor : No TaskScheduler/ScheduledExecutorService bean found for scheduled processing
2019-09-20 19:38:24.597  INFO 6876 --- [restartedMain] o.s.b.w.embedded.tomcat.TomcatWebServer  : Tomcat started on port(s): 8080 (http) with context path ''
2019-09-20 19:38:24.600  INFO 6876 --- [restartedMain] by.itstep.vasilevskij.Application        : Started Application in 7.032 seconds (JVM running for 8.049)
2019-09-20 19:38:39.929  INFO 2196 --- [restartedMain] by.itstep.vasilevskij.Application        : Starting Application on A2-PC-5 with PID 2196 (D:\PhpStormProjects\SpringBootExampl\target\classes started by Student in D:\PhpStormProjects\SpringBootExampl)
2019-09-20 19:38:39.933  INFO 2196 --- [restartedMain] by.itstep.vasilevskij.Application        : No active profile set, falling back to default profiles: default
2019-09-20 19:38:40.041  INFO 2196 --- [restartedMain] .e.DevToolsPropertyDefaultsPostProcessor : Devtools property defaults active! Set 'spring.devtools.add-properties' to 'false' to disable
2019-09-20 19:38:40.042  INFO 2196 --- [restartedMain] .e.DevToolsPropertyDefaultsPostProcessor : For additional web related logging consider setting the 'logging.level.web' property to 'DEBUG'
2019-09-20 19:38:41.402  INFO 2196 --- [restartedMain] .s.d.r.c.RepositoryConfigurationDelegate : Bootstrapping Spring Data repositories in DEFAULT mode.
2019-09-20 19:38:41.485  INFO 2196 --- [restartedMain] .s.d.r.c.RepositoryConfigurationDelegate : Finished Spring Data repository scanning in 76ms. Found 2 repository interfaces.
2019-09-20 19:38:42.118  INFO 2196 --- [restartedMain] trationDelegate$BeanPostProcessorChecker : Bean 'org.springframework.transaction.annotation.ProxyTransactionManagementConfiguration' of type [org.springframework.transaction.annotation.ProxyTransactionManagementConfiguration$$EnhancerBySpringCGLIB$$225085] is not eligible for getting processed by all BeanPostProcessors (for example: not eligible for auto-proxying)
2019-09-20 19:38:42.154  INFO 2196 --- [restartedMain] trationDelegate$BeanPostProcessorChecker : Bean 'org.springframework.security.config.annotation.configuration.ObjectPostProcessorConfiguration' of type [org.springframework.security.config.annotation.configuration.ObjectPostProcessorConfiguration$$EnhancerBySpringCGLIB$$98d018bf] is not eligible for getting processed by all BeanPostProcessors (for example: not eligible for auto-proxying)
2019-09-20 19:38:42.160  INFO 2196 --- [restartedMain] trationDelegate$BeanPostProcessorChecker : Bean 'objectPostProcessor' of type [org.springframework.security.config.annotation.configuration.AutowireBeanFactoryObjectPostProcessor] is not eligible for getting processed by all BeanPostProcessors (for example: not eligible for auto-proxying)
2019-09-20 19:38:42.162  INFO 2196 --- [restartedMain] trationDelegate$BeanPostProcessorChecker : Bean 'org.springframework.security.access.expression.method.DefaultMethodSecurityExpressionHandler@46c1b5d5' of type [org.springframework.security.access.expression.method.DefaultMethodSecurityExpressionHandler] is not eligible for getting processed by all BeanPostProcessors (for example: not eligible for auto-proxying)
2019-09-20 19:38:42.164  INFO 2196 --- [restartedMain] trationDelegate$BeanPostProcessorChecker : Bean 'org.springframework.security.config.annotation.method.configuration.GlobalMethodSecurityConfiguration' of type [org.springframework.security.config.annotation.method.configuration.GlobalMethodSecurityConfiguration$$EnhancerBySpringCGLIB$$bda4bb71] is not eligible for getting processed by all BeanPostProcessors (for example: not eligible for auto-proxying)
2019-09-20 19:38:42.167  INFO 2196 --- [restartedMain] trationDelegate$BeanPostProcessorChecker : Bean 'methodSecurityMetadataSource' of type [org.springframework.security.access.method.DelegatingMethodSecurityMetadataSource] is not eligible for getting processed by all BeanPostProcessors (for example: not eligible for auto-proxying)
2019-09-20 19:38:42.515  INFO 2196 --- [restartedMain] o.s.b.w.embedded.tomcat.TomcatWebServer  : Tomcat initialized with port(s): 8080 (http)
2019-09-20 19:38:42.538  INFO 2196 --- [restartedMain] o.apache.catalina.core.StandardService   : Starting service [Tomcat]
2019-09-20 19:38:42.538  INFO 2196 --- [restartedMain] org.apache.catalina.core.StandardEngine  : Starting Servlet engine: [Apache Tomcat/9.0.22]
2019-09-20 19:38:42.685  INFO 2196 --- [restartedMain] o.a.c.c.C.[Tomcat].[localhost].[/]       : Initializing Spring embedded WebApplicationContext
2019-09-20 19:38:42.685  INFO 2196 --- [restartedMain] o.s.web.context.ContextLoader            : Root WebApplicationContext: initialization completed in 2643 ms
2019-09-20 19:38:42.934  INFO 2196 --- [restartedMain] o.f.c.internal.license.VersionPrinter    : Flyway Community Edition 5.2.4 by Boxfuse
2019-09-20 19:38:43.112  INFO 2196 --- [restartedMain] o.f.c.internal.database.DatabaseFactory  : Database: jdbc:postgresql://localhost:5432/test2 (PostgreSQL 11.4)
2019-09-20 19:38:43.125  WARN 2196 --- [restartedMain] o.f.c.internal.database.base.Database    : Flyway upgrade recommended: PostgreSQL 11.4 is newer than this version of Flyway and support has not been tested.
2019-09-20 19:38:43.180  INFO 2196 --- [restartedMain] o.f.core.internal.command.DbValidate     : Successfully validated 4 migrations (execution time 00:00.029s)
2019-09-20 19:38:43.190  INFO 2196 --- [restartedMain] o.f.core.internal.command.DbMigrate      : Current version of schema "public": 4
2019-09-20 19:38:43.191  INFO 2196 --- [restartedMain] o.f.core.internal.command.DbMigrate      : Schema "public" is up to date. No migration necessary.
2019-09-20 19:38:43.229  INFO 2196 --- [restartedMain] com.zaxxer.hikari.HikariDataSource       : HikariPool-1 - Starting...
2019-09-20 19:38:43.275  INFO 2196 --- [restartedMain] com.zaxxer.hikari.HikariDataSource       : HikariPool-1 - Start completed.
2019-09-20 19:38:43.339  INFO 2196 --- [restartedMain] o.hibernate.jpa.internal.util.LogHelper  : HHH000204: Processing PersistenceUnitInfo [
	name: default
	...]
2019-09-20 19:38:43.475  INFO 2196 --- [restartedMain] org.hibernate.Version                    : HHH000412: Hibernate Core {5.3.10.Final}
2019-09-20 19:38:43.479  INFO 2196 --- [restartedMain] org.hibernate.cfg.Environment            : HHH000206: hibernate.properties not found
2019-09-20 19:38:43.678  INFO 2196 --- [restartedMain] o.hibernate.annotations.common.Version   : HCANN000001: Hibernate Commons Annotations {5.0.4.Final}
2019-09-20 19:38:43.847  INFO 2196 --- [restartedMain] org.hibernate.dialect.Dialect            : HHH000400: Using dialect: org.hibernate.dialect.PostgreSQL95Dialect
2019-09-20 19:38:43.969  INFO 2196 --- [restartedMain] o.h.e.j.e.i.LobCreatorBuilderImpl        : HHH000421: Disabling contextual LOB creation as hibernate.jdbc.lob.non_contextual_creation is true
2019-09-20 19:38:43.977  INFO 2196 --- [restartedMain] org.hibernate.type.BasicTypeRegistry     : HHH000270: Type registration [java.util.UUID] overrides previous : org.hibernate.type.UUIDBinaryType@355ade2d
2019-09-20 19:38:44.896  INFO 2196 --- [restartedMain] j.LocalContainerEntityManagerFactoryBean : Initialized JPA EntityManagerFactory for persistence unit 'default'
2019-09-20 19:38:45.114  INFO 2196 --- [restartedMain] o.s.b.d.a.OptionalLiveReloadServer       : LiveReload server is running on port 35729
2019-09-20 19:38:45.938  INFO 2196 --- [restartedMain] o.s.s.web.DefaultSecurityFilterChain     : Creating filter chain: any request, [org.springframework.security.web.context.request.async.WebAsyncManagerIntegrationFilter@13aed8e6, org.springframework.security.web.context.SecurityContextPersistenceFilter@351cbd28, org.springframework.security.web.header.HeaderWriterFilter@151728f4, org.springframework.security.web.csrf.CsrfFilter@57c24c06, org.springframework.security.web.authentication.logout.LogoutFilter@6d027d08, org.springframework.security.web.authentication.UsernamePasswordAuthenticationFilter@4b7701d5, org.springframework.security.web.savedrequest.RequestCacheAwareFilter@3f231679, org.springframework.security.web.servletapi.SecurityContextHolderAwareRequestFilter@32d7b40a, org.springframework.security.web.authentication.rememberme.RememberMeAuthenticationFilter@6d4b6b08, org.springframework.security.web.authentication.AnonymousAuthenticationFilter@60e3ed4d, org.springframework.security.web.session.SessionManagementFilter@28d6d345, org.springframework.security.web.access.ExceptionTranslationFilter@6960eee, org.springframework.security.web.access.intercept.FilterSecurityInterceptor@cb0d55c]
2019-09-20 19:38:46.146  INFO 2196 --- [restartedMain] o.s.s.concurrent.ThreadPoolTaskExecutor  : Initializing ExecutorService 'applicationTaskExecutor'
2019-09-20 19:38:46.194  WARN 2196 --- [restartedMain] aWebConfiguration$JpaWebMvcConfiguration : spring.jpa.open-in-view is enabled by default. Therefore, database queries may be performed during view rendering. Explicitly configure spring.jpa.open-in-view to disable this warning
2019-09-20 19:38:46.589  INFO 2196 --- [restartedMain] s.a.ScheduledAnnotationBeanPostProcessor : No TaskScheduler/ScheduledExecutorService bean found for scheduled processing
2019-09-20 19:38:46.620  INFO 2196 --- [restartedMain] o.s.b.w.embedded.tomcat.TomcatWebServer  : Tomcat started on port(s): 8080 (http) with context path ''
2019-09-20 19:38:46.623  INFO 2196 --- [restartedMain] by.itstep.vasilevskij.Application        : Started Application in 7.246 seconds (JVM running for 8.184)
2019-09-20 19:38:50.039  INFO 2196 --- [http-nio-8080-exec-1] o.a.c.c.C.[Tomcat].[localhost].[/]       : Initializing Spring DispatcherServlet 'dispatcherServlet'
2019-09-20 19:38:50.040  INFO 2196 --- [http-nio-8080-exec-1] o.s.web.servlet.DispatcherServlet        : Initializing Servlet 'dispatcherServlet'
2019-09-20 19:38:50.051  INFO 2196 --- [http-nio-8080-exec-1] o.s.web.servlet.DispatcherServlet        : Completed initialization in 11 ms
2019-09-20 19:38:50.218  INFO 2196 --- [http-nio-8080-exec-1] o.h.h.i.QueryTranslatorFactoryInitiator  : HHH000397: Using ASTQueryTranslatorFactory
2019-09-20 19:38:50.357 DEBUG 2196 --- [http-nio-8080-exec-1] b.i.v.controller.CarController           : Car: Car{mark='dgfsjj', model='dfgjdfgjdfjt', vin='ds9g8r46s5d8ae89w', color='#000000', id='4'}
2019-09-20 19:38:50.357 DEBUG 2196 --- [http-nio-8080-exec-1] b.i.v.controller.CarController           : Car: Car{mark='etyeu', model='reuirei', vin='ds9g8r4f95d8t789w', color='#000000', id='2'}
2019-09-20 19:38:50.357 DEBUG 2196 --- [http-nio-8080-exec-1] b.i.v.controller.CarController           : Car: Car{mark='gfhkgfk', model='gfhkgfk', vin='dsasrr46s5d8t789w', color='#00ff00', id='3'}
2019-09-20 19:38:50.357 DEBUG 2196 --- [http-nio-8080-exec-1] b.i.v.controller.CarController           : Car: Car{mark='gfkhkf', model='fgflf', vin='ds9g8r46s5d8t789w', color='#000000', id='1'}
2019-09-20 19:39:04.129 DEBUG 2196 --- [http-nio-8080-exec-6] b.i.v.controller.CarController           : Car: Car{mark='areywery', model='asfhasfh', vin='ds9g8r46s5dsae89w', color='#000000', id='5'}
2019-09-20 19:39:04.129 DEBUG 2196 --- [http-nio-8080-exec-6] b.i.v.controller.CarController           : Car: Car{mark='dgfsjj', model='dfgjdfgjdfjt', vin='ds9g8r46s5d8ae89w', color='#000000', id='4'}
2019-09-20 19:39:04.129 DEBUG 2196 --- [http-nio-8080-exec-6] b.i.v.controller.CarController           : Car: Car{mark='etyeu', model='reuirei', vin='ds9g8r4f95d8t789w', color='#000000', id='2'}
2019-09-20 19:39:04.129 DEBUG 2196 --- [http-nio-8080-exec-6] b.i.v.controller.CarController           : Car: Car{mark='gfhkgfk', model='gfhkgfk', vin='dsasrr46s5d8t789w', color='#00ff00', id='3'}
2019-09-20 19:39:04.129 DEBUG 2196 --- [http-nio-8080-exec-6] b.i.v.controller.CarController           : Car: Car{mark='gfkhkf', model='fgflf', vin='ds9g8r46s5d8t789w', color='#000000', id='1'}
2019-09-20 19:39:52.760  INFO 2908 --- [restartedMain] by.itstep.vasilevskij.Application        : Starting Application on A2-PC-5 with PID 2908 (D:\PhpStormProjects\SpringBootExampl\target\classes started by Student in D:\PhpStormProjects\SpringBootExampl)
2019-09-20 19:39:52.764  INFO 2908 --- [restartedMain] by.itstep.vasilevskij.Application        : No active profile set, falling back to default profiles: default
2019-09-20 19:39:52.844  INFO 2908 --- [restartedMain] .e.DevToolsPropertyDefaultsPostProcessor : Devtools property defaults active! Set 'spring.devtools.add-properties' to 'false' to disable
2019-09-20 19:39:52.845  INFO 2908 --- [restartedMain] .e.DevToolsPropertyDefaultsPostProcessor : For additional web related logging consider setting the 'logging.level.web' property to 'DEBUG'
2019-09-20 19:39:54.159  INFO 2908 --- [restartedMain] .s.d.r.c.RepositoryConfigurationDelegate : Bootstrapping Spring Data repositories in DEFAULT mode.
2019-09-20 19:39:54.250  INFO 2908 --- [restartedMain] .s.d.r.c.RepositoryConfigurationDelegate : Finished Spring Data repository scanning in 83ms. Found 2 repository interfaces.
2019-09-20 19:39:54.841  INFO 2908 --- [restartedMain] trationDelegate$BeanPostProcessorChecker : Bean 'org.springframework.transaction.annotation.ProxyTransactionManagementConfiguration' of type [org.springframework.transaction.annotation.ProxyTransactionManagementConfiguration$$EnhancerBySpringCGLIB$$f91b2607] is not eligible for getting processed by all BeanPostProcessors (for example: not eligible for auto-proxying)
2019-09-20 19:39:54.892  INFO 2908 --- [restartedMain] trationDelegate$BeanPostProcessorChecker : Bean 'org.springframework.security.config.annotation.configuration.ObjectPostProcessorConfiguration' of type [org.springframework.security.config.annotation.configuration.ObjectPostProcessorConfiguration$$EnhancerBySpringCGLIB$$91c8ee41] is not eligible for getting processed by all BeanPostProcessors (for example: not eligible for auto-proxying)
2019-09-20 19:39:54.898  INFO 2908 --- [restartedMain] trationDelegate$BeanPostProcessorChecker : Bean 'objectPostProcessor' of type [org.springframework.security.config.annotation.configuration.AutowireBeanFactoryObjectPostProcessor] is not eligible for getting processed by all BeanPostProcessors (for example: not eligible for auto-proxying)
2019-09-20 19:39:54.901  INFO 2908 --- [restartedMain] trationDelegate$BeanPostProcessorChecker : Bean 'org.springframework.security.access.expression.method.DefaultMethodSecurityExpressionHandler@39e98c04' of type [org.springframework.security.access.expression.method.DefaultMethodSecurityExpressionHandler] is not eligible for getting processed by all BeanPostProcessors (for example: not eligible for auto-proxying)
2019-09-20 19:39:54.904  INFO 2908 --- [restartedMain] trationDelegate$BeanPostProcessorChecker : Bean 'org.springframework.security.config.annotation.method.configuration.GlobalMethodSecurityConfiguration' of type [org.springframework.security.config.annotation.method.configuration.GlobalMethodSecurityConfiguration$$EnhancerBySpringCGLIB$$b69d90f3] is not eligible for getting processed by all BeanPostProcessors (for example: not eligible for auto-proxying)
2019-09-20 19:39:54.908  INFO 2908 --- [restartedMain] trationDelegate$BeanPostProcessorChecker : Bean 'methodSecurityMetadataSource' of type [org.springframework.security.access.method.DelegatingMethodSecurityMetadataSource] is not eligible for getting processed by all BeanPostProcessors (for example: not eligible for auto-proxying)
2019-09-20 19:39:55.286  INFO 2908 --- [restartedMain] o.s.b.w.embedded.tomcat.TomcatWebServer  : Tomcat initialized with port(s): 8080 (http)
2019-09-20 19:39:55.313  INFO 2908 --- [restartedMain] o.apache.catalina.core.StandardService   : Starting service [Tomcat]
2019-09-20 19:39:55.313  INFO 2908 --- [restartedMain] org.apache.catalina.core.StandardEngine  : Starting Servlet engine: [Apache Tomcat/9.0.22]
2019-09-20 19:39:55.485  INFO 2908 --- [restartedMain] o.a.c.c.C.[Tomcat].[localhost].[/]       : Initializing Spring embedded WebApplicationContext
2019-09-20 19:39:55.485  INFO 2908 --- [restartedMain] o.s.web.context.ContextLoader            : Root WebApplicationContext: initialization completed in 2640 ms
2019-09-20 19:39:55.713  INFO 2908 --- [restartedMain] o.f.c.internal.license.VersionPrinter    : Flyway Community Edition 5.2.4 by Boxfuse
2019-09-20 19:39:55.898  INFO 2908 --- [restartedMain] o.f.c.internal.database.DatabaseFactory  : Database: jdbc:postgresql://localhost:5432/test2 (PostgreSQL 11.4)
2019-09-20 19:39:55.917  WARN 2908 --- [restartedMain] o.f.c.internal.database.base.Database    : Flyway upgrade recommended: PostgreSQL 11.4 is newer than this version of Flyway and support has not been tested.
2019-09-20 19:39:55.970  INFO 2908 --- [restartedMain] o.f.core.internal.command.DbValidate     : Successfully validated 4 migrations (execution time 00:00.024s)
2019-09-20 19:39:55.980  INFO 2908 --- [restartedMain] o.f.core.internal.command.DbMigrate      : Current version of schema "public": 4
2019-09-20 19:39:55.981  INFO 2908 --- [restartedMain] o.f.core.internal.command.DbMigrate      : Schema "public" is up to date. No migration necessary.
2019-09-20 19:39:56.011  INFO 2908 --- [restartedMain] com.zaxxer.hikari.HikariDataSource       : HikariPool-1 - Starting...
2019-09-20 19:39:56.044  INFO 2908 --- [restartedMain] com.zaxxer.hikari.HikariDataSource       : HikariPool-1 - Start completed.
2019-09-20 19:39:56.092  INFO 2908 --- [restartedMain] o.hibernate.jpa.internal.util.LogHelper  : HHH000204: Processing PersistenceUnitInfo [
	name: default
	...]
2019-09-20 19:39:56.192  INFO 2908 --- [restartedMain] org.hibernate.Version                    : HHH000412: Hibernate Core {5.3.10.Final}
2019-09-20 19:39:56.214  INFO 2908 --- [restartedMain] org.hibernate.cfg.Environment            : HHH000206: hibernate.properties not found
2019-09-20 19:39:56.436  INFO 2908 --- [restartedMain] o.hibernate.annotations.common.Version   : HCANN000001: Hibernate Commons Annotations {5.0.4.Final}
2019-09-20 19:39:56.582  INFO 2908 --- [restartedMain] org.hibernate.dialect.Dialect            : HHH000400: Using dialect: org.hibernate.dialect.PostgreSQL95Dialect
2019-09-20 19:39:56.667  INFO 2908 --- [restartedMain] o.h.e.j.e.i.LobCreatorBuilderImpl        : HHH000421: Disabling contextual LOB creation as hibernate.jdbc.lob.non_contextual_creation is true
2019-09-20 19:39:56.672  INFO 2908 --- [restartedMain] org.hibernate.type.BasicTypeRegistry     : HHH000270: Type registration [java.util.UUID] overrides previous : org.hibernate.type.UUIDBinaryType@5a41f16a
2019-09-20 19:39:57.439  INFO 2908 --- [restartedMain] j.LocalContainerEntityManagerFactoryBean : Initialized JPA EntityManagerFactory for persistence unit 'default'
2019-09-20 19:39:57.585  INFO 2908 --- [restartedMain] o.s.b.d.a.OptionalLiveReloadServer       : LiveReload server is running on port 35729
2019-09-20 19:39:58.314  INFO 2908 --- [restartedMain] o.s.s.web.DefaultSecurityFilterChain     : Creating filter chain: any request, [org.springframework.security.web.context.request.async.WebAsyncManagerIntegrationFilter@10956057, org.springframework.security.web.context.SecurityContextPersistenceFilter@2d0ca1ff, org.springframework.security.web.header.HeaderWriterFilter@1f3b9acd, org.springframework.security.web.csrf.CsrfFilter@6cec7af2, org.springframework.security.web.authentication.logout.LogoutFilter@1ba128a6, org.springframework.security.web.authentication.UsernamePasswordAuthenticationFilter@15721ee4, org.springframework.security.web.savedrequest.RequestCacheAwareFilter@5844a2c0, org.springframework.security.web.servletapi.SecurityContextHolderAwareRequestFilter@7d1afadc, org.springframework.security.web.authentication.rememberme.RememberMeAuthenticationFilter@27850197, org.springframework.security.web.authentication.AnonymousAuthenticationFilter@c1a3ba3, org.springframework.security.web.session.SessionManagementFilter@13e8b043, org.springframework.security.web.access.ExceptionTranslationFilter@4228900b, org.springframework.security.web.access.intercept.FilterSecurityInterceptor@45793329]
2019-09-20 19:39:58.508  INFO 2908 --- [restartedMain] o.s.s.concurrent.ThreadPoolTaskExecutor  : Initializing ExecutorService 'applicationTaskExecutor'
2019-09-20 19:39:58.553  WARN 2908 --- [restartedMain] aWebConfiguration$JpaWebMvcConfiguration : spring.jpa.open-in-view is enabled by default. Therefore, database queries may be performed during view rendering. Explicitly configure spring.jpa.open-in-view to disable this warning
2019-09-20 19:39:59.106  INFO 2908 --- [restartedMain] s.a.ScheduledAnnotationBeanPostProcessor : No TaskScheduler/ScheduledExecutorService bean found for scheduled processing
2019-09-20 19:39:59.151  INFO 2908 --- [restartedMain] o.s.b.w.embedded.tomcat.TomcatWebServer  : Tomcat started on port(s): 8080 (http) with context path ''
2019-09-20 19:39:59.155  INFO 2908 --- [restartedMain] by.itstep.vasilevskij.Application        : Started Application in 6.921 seconds (JVM running for 7.901)
2019-09-20 19:40:10.391  INFO 2908 --- [http-nio-8080-exec-1] o.a.c.c.C.[Tomcat].[localhost].[/]       : Initializing Spring DispatcherServlet 'dispatcherServlet'
2019-09-20 19:40:10.391  INFO 2908 --- [http-nio-8080-exec-1] o.s.web.servlet.DispatcherServlet        : Initializing Servlet 'dispatcherServlet'
2019-09-20 19:40:10.402  INFO 2908 --- [http-nio-8080-exec-1] o.s.web.servlet.DispatcherServlet        : Completed initialization in 11 ms
2019-09-20 19:40:10.557  INFO 2908 --- [http-nio-8080-exec-1] o.h.h.i.QueryTranslatorFactoryInitiator  : HHH000397: Using ASTQueryTranslatorFactory
2019-09-20 19:40:10.860 DEBUG 2908 --- [http-nio-8080-exec-3] b.i.v.controller.CarController           : Car: Car{mark='areywery', model='asfhasfh', vin='ds9g8r46s5dsae89w', color='#000000', id='5'}
2019-09-20 19:40:10.860 DEBUG 2908 --- [http-nio-8080-exec-3] b.i.v.controller.CarController           : Car: Car{mark='asdgasg', model='asghash', vin='aew38r46s5d8t789w', color='#000000', id='6'}
2019-09-20 19:40:10.861 DEBUG 2908 --- [http-nio-8080-exec-3] b.i.v.controller.CarController           : Car: Car{mark='dgfsjj', model='dfgjdfgjdfjt', vin='ds9g8r46s5d8ae89w', color='#000000', id='4'}
2019-09-20 19:40:10.861 DEBUG 2908 --- [http-nio-8080-exec-3] b.i.v.controller.CarController           : Car: Car{mark='etyeu', model='reuirei', vin='ds9g8r4f95d8t789w', color='#000000', id='2'}
2019-09-20 19:40:10.861 DEBUG 2908 --- [http-nio-8080-exec-3] b.i.v.controller.CarController           : Car: Car{mark='gfhkgfk', model='gfhkgfk', vin='dsasrr46s5d8t789w', color='#00ff00', id='3'}
2019-09-20 19:40:10.861 DEBUG 2908 --- [http-nio-8080-exec-3] b.i.v.controller.CarController           : Car: Car{mark='gfkhkf', model='fgflf', vin='ds9g8r46s5d8t789w', color='#000000', id='1'}
2019-09-20 19:40:43.582  INFO 4756 --- [restartedMain] by.itstep.vasilevskij.Application        : Starting Application on A2-PC-5 with PID 4756 (D:\PhpStormProjects\SpringBootExampl\target\classes started by Student in D:\PhpStormProjects\SpringBootExampl)
2019-09-20 19:40:43.586  INFO 4756 --- [restartedMain] by.itstep.vasilevskij.Application        : No active profile set, falling back to default profiles: default
2019-09-20 19:40:43.674  INFO 4756 --- [restartedMain] .e.DevToolsPropertyDefaultsPostProcessor : Devtools property defaults active! Set 'spring.devtools.add-properties' to 'false' to disable
2019-09-20 19:40:43.675  INFO 4756 --- [restartedMain] .e.DevToolsPropertyDefaultsPostProcessor : For additional web related logging consider setting the 'logging.level.web' property to 'DEBUG'
2019-09-20 19:40:44.916  INFO 4756 --- [restartedMain] .s.d.r.c.RepositoryConfigurationDelegate : Bootstrapping Spring Data repositories in DEFAULT mode.
2019-09-20 19:40:45.002  INFO 4756 --- [restartedMain] .s.d.r.c.RepositoryConfigurationDelegate : Finished Spring Data repository scanning in 79ms. Found 2 repository interfaces.
2019-09-20 19:40:45.598  INFO 4756 --- [restartedMain] trationDelegate$BeanPostProcessorChecker : Bean 'org.springframework.transaction.annotation.ProxyTransactionManagementConfiguration' of type [org.springframework.transaction.annotation.ProxyTransactionManagementConfiguration$$EnhancerBySpringCGLIB$$ce9061c7] is not eligible for getting processed by all BeanPostProcessors (for example: not eligible for auto-proxying)
2019-09-20 19:40:45.633  INFO 4756 --- [restartedMain] trationDelegate$BeanPostProcessorChecker : Bean 'org.springframework.security.config.annotation.configuration.ObjectPostProcessorConfiguration' of type [org.springframework.security.config.annotation.configuration.ObjectPostProcessorConfiguration$$EnhancerBySpringCGLIB$$673e2a01] is not eligible for getting processed by all BeanPostProcessors (for example: not eligible for auto-proxying)
2019-09-20 19:40:45.639  INFO 4756 --- [restartedMain] trationDelegate$BeanPostProcessorChecker : Bean 'objectPostProcessor' of type [org.springframework.security.config.annotation.configuration.AutowireBeanFactoryObjectPostProcessor] is not eligible for getting processed by all BeanPostProcessors (for example: not eligible for auto-proxying)
2019-09-20 19:40:45.642  INFO 4756 --- [restartedMain] trationDelegate$BeanPostProcessorChecker : Bean 'org.springframework.security.access.expression.method.DefaultMethodSecurityExpressionHandler@387c6288' of type [org.springframework.security.access.expression.method.DefaultMethodSecurityExpressionHandler] is not eligible for getting processed by all BeanPostProcessors (for example: not eligible for auto-proxying)
2019-09-20 19:40:45.645  INFO 4756 --- [restartedMain] trationDelegate$BeanPostProcessorChecker : Bean 'org.springframework.security.config.annotation.method.configuration.GlobalMethodSecurityConfiguration' of type [org.springframework.security.config.annotation.method.configuration.GlobalMethodSecurityConfiguration$$EnhancerBySpringCGLIB$$8c12ccb3] is not eligible for getting processed by all BeanPostProcessors (for example: not eligible for auto-proxying)
2019-09-20 19:40:45.649  INFO 4756 --- [restartedMain] trationDelegate$BeanPostProcessorChecker : Bean 'methodSecurityMetadataSource' of type [org.springframework.security.access.method.DelegatingMethodSecurityMetadataSource] is not eligible for getting processed by all BeanPostProcessors (for example: not eligible for auto-proxying)
2019-09-20 19:40:46.076  INFO 4756 --- [restartedMain] o.s.b.w.embedded.tomcat.TomcatWebServer  : Tomcat initialized with port(s): 8080 (http)
2019-09-20 19:40:46.100  INFO 4756 --- [restartedMain] o.apache.catalina.core.StandardService   : Starting service [Tomcat]
2019-09-20 19:40:46.101  INFO 4756 --- [restartedMain] org.apache.catalina.core.StandardEngine  : Starting Servlet engine: [Apache Tomcat/9.0.22]
2019-09-20 19:40:46.237  INFO 4756 --- [restartedMain] o.a.c.c.C.[Tomcat].[localhost].[/]       : Initializing Spring embedded WebApplicationContext
2019-09-20 19:40:46.237  INFO 4756 --- [restartedMain] o.s.web.context.ContextLoader            : Root WebApplicationContext: initialization completed in 2562 ms
2019-09-20 19:40:46.473  INFO 4756 --- [restartedMain] o.f.c.internal.license.VersionPrinter    : Flyway Community Edition 5.2.4 by Boxfuse
2019-09-20 19:40:46.650  INFO 4756 --- [restartedMain] o.f.c.internal.database.DatabaseFactory  : Database: jdbc:postgresql://localhost:5432/test2 (PostgreSQL 11.4)
2019-09-20 19:40:46.668  WARN 4756 --- [restartedMain] o.f.c.internal.database.base.Database    : Flyway upgrade recommended: PostgreSQL 11.4 is newer than this version of Flyway and support has not been tested.
2019-09-20 19:40:46.813  INFO 4756 --- [restartedMain] o.f.core.internal.command.DbValidate     : Successfully validated 4 migrations (execution time 00:00.113s)
2019-09-20 19:40:46.826  INFO 4756 --- [restartedMain] o.f.core.internal.command.DbMigrate      : Current version of schema "public": 4
2019-09-20 19:40:46.827  INFO 4756 --- [restartedMain] o.f.core.internal.command.DbMigrate      : Schema "public" is up to date. No migration necessary.
2019-09-20 19:40:46.878  INFO 4756 --- [restartedMain] com.zaxxer.hikari.HikariDataSource       : HikariPool-1 - Starting...
2019-09-20 19:40:46.935  INFO 4756 --- [restartedMain] com.zaxxer.hikari.HikariDataSource       : HikariPool-1 - Start completed.
2019-09-20 19:40:47.016  INFO 4756 --- [restartedMain] o.hibernate.jpa.internal.util.LogHelper  : HHH000204: Processing PersistenceUnitInfo [
	name: default
	...]
2019-09-20 19:40:47.122  INFO 4756 --- [restartedMain] org.hibernate.Version                    : HHH000412: Hibernate Core {5.3.10.Final}
2019-09-20 19:40:47.125  INFO 4756 --- [restartedMain] org.hibernate.cfg.Environment            : HHH000206: hibernate.properties not found
2019-09-20 19:40:47.313  INFO 4756 --- [restartedMain] o.hibernate.annotations.common.Version   : HCANN000001: Hibernate Commons Annotations {5.0.4.Final}
2019-09-20 19:40:47.457  INFO 4756 --- [restartedMain] org.hibernate.dialect.Dialect            : HHH000400: Using dialect: org.hibernate.dialect.PostgreSQL95Dialect
2019-09-20 19:40:47.545  INFO 4756 --- [restartedMain] o.h.e.j.e.i.LobCreatorBuilderImpl        : HHH000421: Disabling contextual LOB creation as hibernate.jdbc.lob.non_contextual_creation is true
2019-09-20 19:40:47.551  INFO 4756 --- [restartedMain] org.hibernate.type.BasicTypeRegistry     : HHH000270: Type registration [java.util.UUID] overrides previous : org.hibernate.type.UUIDBinaryType@6d37df6b
2019-09-20 19:40:48.440  INFO 4756 --- [restartedMain] j.LocalContainerEntityManagerFactoryBean : Initialized JPA EntityManagerFactory for persistence unit 'default'
2019-09-20 19:40:48.590  INFO 4756 --- [restartedMain] o.s.b.d.a.OptionalLiveReloadServer       : LiveReload server is running on port 35729
2019-09-20 19:40:49.300  INFO 4756 --- [restartedMain] o.s.s.web.DefaultSecurityFilterChain     : Creating filter chain: any request, [org.springframework.security.web.context.request.async.WebAsyncManagerIntegrationFilter@3ed52da4, org.springframework.security.web.context.SecurityContextPersistenceFilter@5871ffcb, org.springframework.security.web.header.HeaderWriterFilter@2e2da7ce, org.springframework.security.web.csrf.CsrfFilter@13e8b043, org.springframework.security.web.authentication.logout.LogoutFilter@71c2d28b, org.springframework.security.web.authentication.UsernamePasswordAuthenticationFilter@3126207d, org.springframework.security.web.savedrequest.RequestCacheAwareFilter@629f3fcf, org.springframework.security.web.servletapi.SecurityContextHolderAwareRequestFilter@3b4a73a9, org.springframework.security.web.authentication.rememberme.RememberMeAuthenticationFilter@3c944e8f, org.springframework.security.web.authentication.AnonymousAuthenticationFilter@4192a1e0, org.springframework.security.web.session.SessionManagementFilter@65200320, org.springframework.security.web.access.ExceptionTranslationFilter@5426b589, org.springframework.security.web.access.intercept.FilterSecurityInterceptor@41846cf1]
2019-09-20 19:40:49.532  INFO 4756 --- [restartedMain] o.s.s.concurrent.ThreadPoolTaskExecutor  : Initializing ExecutorService 'applicationTaskExecutor'
2019-09-20 19:40:49.575  WARN 4756 --- [restartedMain] aWebConfiguration$JpaWebMvcConfiguration : spring.jpa.open-in-view is enabled by default. Therefore, database queries may be performed during view rendering. Explicitly configure spring.jpa.open-in-view to disable this warning
2019-09-20 19:40:49.972  INFO 4756 --- [restartedMain] s.a.ScheduledAnnotationBeanPostProcessor : No TaskScheduler/ScheduledExecutorService bean found for scheduled processing
2019-09-20 19:40:50.007  INFO 4756 --- [restartedMain] o.s.b.w.embedded.tomcat.TomcatWebServer  : Tomcat started on port(s): 8080 (http) with context path ''
2019-09-20 19:40:50.011  INFO 4756 --- [restartedMain] by.itstep.vasilevskij.Application        : Started Application in 6.969 seconds (JVM running for 7.9)
2019-09-20 19:41:14.908  INFO 4756 --- [http-nio-8080-exec-1] o.a.c.c.C.[Tomcat].[localhost].[/]       : Initializing Spring DispatcherServlet 'dispatcherServlet'
2019-09-20 19:41:14.909  INFO 4756 --- [http-nio-8080-exec-1] o.s.web.servlet.DispatcherServlet        : Initializing Servlet 'dispatcherServlet'
2019-09-20 19:41:14.918  INFO 4756 --- [http-nio-8080-exec-1] o.s.web.servlet.DispatcherServlet        : Completed initialization in 9 ms
2019-09-20 19:41:15.078  INFO 4756 --- [http-nio-8080-exec-1] o.h.h.i.QueryTranslatorFactoryInitiator  : HHH000397: Using ASTQueryTranslatorFactory
2019-09-20 19:42:35.630  INFO 3996 --- [restartedMain] by.itstep.vasilevskij.Application        : Starting Application on A2-PC-5 with PID 3996 (D:\PhpStormProjects\SpringBootExampl\target\classes started by Student in D:\PhpStormProjects\SpringBootExampl)
2019-09-20 19:42:35.634  INFO 3996 --- [restartedMain] by.itstep.vasilevskij.Application        : No active profile set, falling back to default profiles: default
2019-09-20 19:42:35.716  INFO 3996 --- [restartedMain] .e.DevToolsPropertyDefaultsPostProcessor : Devtools property defaults active! Set 'spring.devtools.add-properties' to 'false' to disable
2019-09-20 19:42:35.716  INFO 3996 --- [restartedMain] .e.DevToolsPropertyDefaultsPostProcessor : For additional web related logging consider setting the 'logging.level.web' property to 'DEBUG'
2019-09-20 19:42:37.328  INFO 3996 --- [restartedMain] .s.d.r.c.RepositoryConfigurationDelegate : Bootstrapping Spring Data repositories in DEFAULT mode.
2019-09-20 19:42:37.465  INFO 3996 --- [restartedMain] .s.d.r.c.RepositoryConfigurationDelegate : Finished Spring Data repository scanning in 125ms. Found 2 repository interfaces.
2019-09-20 19:42:38.403  INFO 3996 --- [restartedMain] trationDelegate$BeanPostProcessorChecker : Bean 'org.springframework.transaction.annotation.ProxyTransactionManagementConfiguration' of type [org.springframework.transaction.annotation.ProxyTransactionManagementConfiguration$$EnhancerBySpringCGLIB$$9eb5ad18] is not eligible for getting processed by all BeanPostProcessors (for example: not eligible for auto-proxying)
2019-09-20 19:42:38.441  INFO 3996 --- [restartedMain] trationDelegate$BeanPostProcessorChecker : Bean 'org.springframework.security.config.annotation.configuration.ObjectPostProcessorConfiguration' of type [org.springframework.security.config.annotation.configuration.ObjectPostProcessorConfiguration$$EnhancerBySpringCGLIB$$37637552] is not eligible for getting processed by all BeanPostProcessors (for example: not eligible for auto-proxying)
2019-09-20 19:42:38.448  INFO 3996 --- [restartedMain] trationDelegate$BeanPostProcessorChecker : Bean 'objectPostProcessor' of type [org.springframework.security.config.annotation.configuration.AutowireBeanFactoryObjectPostProcessor] is not eligible for getting processed by all BeanPostProcessors (for example: not eligible for auto-proxying)
2019-09-20 19:42:38.450  INFO 3996 --- [restartedMain] trationDelegate$BeanPostProcessorChecker : Bean 'org.springframework.security.access.expression.method.DefaultMethodSecurityExpressionHandler@59c44cbd' of type [org.springframework.security.access.expression.method.DefaultMethodSecurityExpressionHandler] is not eligible for getting processed by all BeanPostProcessors (for example: not eligible for auto-proxying)
2019-09-20 19:42:38.452  INFO 3996 --- [restartedMain] trationDelegate$BeanPostProcessorChecker : Bean 'org.springframework.security.config.annotation.method.configuration.GlobalMethodSecurityConfiguration' of type [org.springframework.security.config.annotation.method.configuration.GlobalMethodSecurityConfiguration$$EnhancerBySpringCGLIB$$5c381804] is not eligible for getting processed by all BeanPostProcessors (for example: not eligible for auto-proxying)
2019-09-20 19:42:38.456  INFO 3996 --- [restartedMain] trationDelegate$BeanPostProcessorChecker : Bean 'methodSecurityMetadataSource' of type [org.springframework.security.access.method.DelegatingMethodSecurityMetadataSource] is not eligible for getting processed by all BeanPostProcessors (for example: not eligible for auto-proxying)
2019-09-20 19:42:38.915  INFO 3996 --- [restartedMain] o.s.b.w.embedded.tomcat.TomcatWebServer  : Tomcat initialized with port(s): 8080 (http)
2019-09-20 19:42:38.945  INFO 3996 --- [restartedMain] o.apache.catalina.core.StandardService   : Starting service [Tomcat]
2019-09-20 19:42:38.945  INFO 3996 --- [restartedMain] org.apache.catalina.core.StandardEngine  : Starting Servlet engine: [Apache Tomcat/9.0.22]
2019-09-20 19:42:39.056  INFO 3996 --- [restartedMain] o.a.c.c.C.[Tomcat].[localhost].[/]       : Initializing Spring embedded WebApplicationContext
2019-09-20 19:42:39.056  INFO 3996 --- [restartedMain] o.s.web.context.ContextLoader            : Root WebApplicationContext: initialization completed in 3339 ms
2019-09-20 19:42:39.298  INFO 3996 --- [restartedMain] o.f.c.internal.license.VersionPrinter    : Flyway Community Edition 5.2.4 by Boxfuse
2019-09-20 19:42:39.496  INFO 3996 --- [restartedMain] o.f.c.internal.database.DatabaseFactory  : Database: jdbc:postgresql://localhost:5432/test2 (PostgreSQL 11.4)
2019-09-20 19:42:39.511  WARN 3996 --- [restartedMain] o.f.c.internal.database.base.Database    : Flyway upgrade recommended: PostgreSQL 11.4 is newer than this version of Flyway and support has not been tested.
2019-09-20 19:42:39.617  INFO 3996 --- [restartedMain] o.f.core.internal.command.DbValidate     : Successfully validated 4 migrations (execution time 00:00.085s)
2019-09-20 19:42:39.624  INFO 3996 --- [restartedMain] o.f.core.internal.command.DbMigrate      : Current version of schema "public": 4
2019-09-20 19:42:39.625  INFO 3996 --- [restartedMain] o.f.core.internal.command.DbMigrate      : Schema "public" is up to date. No migration necessary.
2019-09-20 19:42:39.656  INFO 3996 --- [restartedMain] com.zaxxer.hikari.HikariDataSource       : HikariPool-1 - Starting...
2019-09-20 19:42:39.691  INFO 3996 --- [restartedMain] com.zaxxer.hikari.HikariDataSource       : HikariPool-1 - Start completed.
2019-09-20 19:42:39.742  INFO 3996 --- [restartedMain] o.hibernate.jpa.internal.util.LogHelper  : HHH000204: Processing PersistenceUnitInfo [
	name: default
	...]
2019-09-20 19:42:39.810  INFO 3996 --- [restartedMain] org.hibernate.Version                    : HHH000412: Hibernate Core {5.3.10.Final}
2019-09-20 19:42:39.812  INFO 3996 --- [restartedMain] org.hibernate.cfg.Environment            : HHH000206: hibernate.properties not found
2019-09-20 19:42:40.028  INFO 3996 --- [restartedMain] o.hibernate.annotations.common.Version   : HCANN000001: Hibernate Commons Annotations {5.0.4.Final}
2019-09-20 19:42:40.165  INFO 3996 --- [restartedMain] org.hibernate.dialect.Dialect            : HHH000400: Using dialect: org.hibernate.dialect.PostgreSQL95Dialect
2019-09-20 19:42:40.246  INFO 3996 --- [restartedMain] o.h.e.j.e.i.LobCreatorBuilderImpl        : HHH000421: Disabling contextual LOB creation as hibernate.jdbc.lob.non_contextual_creation is true
2019-09-20 19:42:40.252  INFO 3996 --- [restartedMain] org.hibernate.type.BasicTypeRegistry     : HHH000270: Type registration [java.util.UUID] overrides previous : org.hibernate.type.UUIDBinaryType@1e6e7a1a
2019-09-20 19:42:41.150  INFO 3996 --- [restartedMain] j.LocalContainerEntityManagerFactoryBean : Initialized JPA EntityManagerFactory for persistence unit 'default'
2019-09-20 19:42:41.301  INFO 3996 --- [restartedMain] o.s.b.d.a.OptionalLiveReloadServer       : LiveReload server is running on port 35729
2019-09-20 19:42:42.056  INFO 3996 --- [restartedMain] o.s.s.web.DefaultSecurityFilterChain     : Creating filter chain: any request, [org.springframework.security.web.context.request.async.WebAsyncManagerIntegrationFilter@1a70d042, org.springframework.security.web.context.SecurityContextPersistenceFilter@ef8517e, org.springframework.security.web.header.HeaderWriterFilter@4e4db046, org.springframework.security.web.csrf.CsrfFilter@7893530d, org.springframework.security.web.authentication.logout.LogoutFilter@177ffcc4, org.springframework.security.web.authentication.UsernamePasswordAuthenticationFilter@7fb8fe25, org.springframework.security.web.savedrequest.RequestCacheAwareFilter@6d89ad01, org.springframework.security.web.servletapi.SecurityContextHolderAwareRequestFilter@6ee93af, org.springframework.security.web.authentication.rememberme.RememberMeAuthenticationFilter@6f38c584, org.springframework.security.web.authentication.AnonymousAuthenticationFilter@24b0863f, org.springframework.security.web.session.SessionManagementFilter@1ef3261d, org.springframework.security.web.access.ExceptionTranslationFilter@3128e38e, org.springframework.security.web.access.intercept.FilterSecurityInterceptor@64b9bf8c]
2019-09-20 19:42:42.257  INFO 3996 --- [restartedMain] o.s.s.concurrent.ThreadPoolTaskExecutor  : Initializing ExecutorService 'applicationTaskExecutor'
2019-09-20 19:42:42.330  WARN 3996 --- [restartedMain] aWebConfiguration$JpaWebMvcConfiguration : spring.jpa.open-in-view is enabled by default. Therefore, database queries may be performed during view rendering. Explicitly configure spring.jpa.open-in-view to disable this warning
2019-09-20 19:42:42.779  INFO 3996 --- [restartedMain] s.a.ScheduledAnnotationBeanPostProcessor : No TaskScheduler/ScheduledExecutorService bean found for scheduled processing
2019-09-20 19:42:42.810  INFO 3996 --- [restartedMain] o.s.b.w.embedded.tomcat.TomcatWebServer  : Tomcat started on port(s): 8080 (http) with context path ''
2019-09-20 19:42:42.813  INFO 3996 --- [restartedMain] by.itstep.vasilevskij.Application        : Started Application in 7.774 seconds (JVM running for 8.863)
2019-09-20 19:43:03.011  INFO 3996 --- [http-nio-8080-exec-1] o.a.c.c.C.[Tomcat].[localhost].[/]       : Initializing Spring DispatcherServlet 'dispatcherServlet'
2019-09-20 19:43:03.011  INFO 3996 --- [http-nio-8080-exec-1] o.s.web.servlet.DispatcherServlet        : Initializing Servlet 'dispatcherServlet'
2019-09-20 19:43:03.026  INFO 3996 --- [http-nio-8080-exec-1] o.s.web.servlet.DispatcherServlet        : Completed initialization in 15 ms
2019-09-20 19:43:03.196  INFO 3996 --- [http-nio-8080-exec-1] o.h.h.i.QueryTranslatorFactoryInitiator  : HHH000397: Using ASTQueryTranslatorFactory
